2020-09-27 09:50:53	系统已启动，监听端口：80！
2020-09-27 09:51:01	::1: /api/menus
2020-09-27 09:51:01	::1: /api/menus
2020-09-27 09:51:37	::1: /user/signIn
2020-09-27 09:51:37	::1: /user/signIn
2020-09-27 09:51:37	::1: /api/menus
2020-09-27 09:51:37	::1: /api/menus
2020-09-27 09:51:54	::1: /api/roles
2020-09-27 09:51:54	::1: /api/roles
2020-09-27 09:51:57	::1: /api/menus?roleId=2
2020-09-27 09:51:57	::1: /api/menus?roleId=2
2020-09-27 09:52:35	::1: /api/menus?roleId=2
2020-09-27 09:52:35	::1: /api/menus?roleId=2
2020-09-27 10:00:17	::1: /api/menus?roleId=2
2020-09-27 10:00:17	::1: /api/menus?roleId=2
2020-09-27 10:00:19	::1: /api/menus?roleId=2
2020-09-27 10:05:35	::1: /api/roles
2020-09-27 10:05:35	::1: /api/roles
2020-09-27 10:05:45	::1: /api/roles
2020-09-27 10:05:45	::1: /api/roles
2020-09-27 10:06:52	::1: /api/menus?roleId=2
2020-09-27 10:06:52	::1: /api/menus?roleId=2
2020-09-27 10:08:06	::1: /api/menus?roleId=2
2020-09-27 10:08:06	::1: /api/menus?roleId=2
2020-09-27 10:10:15	系统已启动，监听端口：80！
2020-09-27 10:10:43	::1: /api/menus
2020-09-27 10:10:45	::1: /api/menus
2020-09-27 10:10:45	::1: /api/roles
2020-09-27 10:10:45	::1: /api/roles
2020-09-27 10:10:52	::1: /api/menus?roleId=2
2020-09-27 10:10:52	::1: /api/menus?roleId=2
2020-09-27 10:10:54	::1: /api/role/updateRoleMenu
2020-09-27 10:10:55	::1: /api/role/updateRoleMenu
2020-09-27 10:11:01	::1: /api/menus?roleId=2
2020-09-27 10:11:01	::1: /api/menus?roleId=2
2020-09-27 10:11:24	::1: /api/role/roleUserOrOtherUserList?roleId=2
2020-09-27 10:11:24	::1: /api/role/roleUserOrOtherUserList?roleId=2
2020-09-27 10:11:28	::1: /api/role/updateRoleUser
2020-09-27 10:11:28	::1: /api/role/updateRoleUser
2020-09-27 10:12:52	::1: /api/menus?roleId=2
2020-09-27 10:12:52	::1: /api/menus?roleId=2
2020-09-27 10:12:55	::1: /api/role/updateRoleMenu
2020-09-27 10:12:55	::1: /api/role/updateRoleMenu
2020-09-27 10:12:56	::1: /api/menus?roleId=2
2020-09-27 10:15:17	系统已启动，监听端口：80！
2020-09-27 10:15:23	::1: /api/role/updateRoleMenu
2020-09-27 10:15:23	::1: /api/role/updateRoleMenu
2020-09-27 10:16:16	系统已启动，监听端口：80！
2020-09-27 10:16:20	::1: /api/menus?roleId=2
2020-09-27 10:16:20	::1: /api/menus?roleId=2
2020-09-27 10:16:23	::1: /api/role/updateRoleMenu
2020-09-27 10:16:23	::1: /api/role/updateRoleMenu
2020-09-27 10:17:37	系统已启动，监听端口：80！
2020-09-27 10:17:44	::1: /api/menus?roleId=2
2020-09-27 10:17:44	::1: /api/menus?roleId=2
2020-09-27 10:17:46	::1: /api/role/updateRoleMenu
2020-09-27 10:17:46	::1: /api/role/updateRoleMenu
2020-09-27 10:17:50	::1: /api/menus?roleId=2
2020-09-27 10:17:50	::1: /api/menus?roleId=2
2020-09-27 10:18:12	系统已启动，监听端口：80！
2020-09-27 10:50:04	::1: /user/signIn
2020-09-27 10:50:04	::1: /user/signIn
2020-09-27 14:19:30	系统已启动，监听端口：80！
2020-09-27 14:19:48	系统已启动，监听端口：80！
2020-09-27 14:21:52	::1: /api/roles
2020-09-27 14:21:52	::1: /api/roles
2020-09-27 14:22:02	::1: /user/signIn
2020-09-27 14:22:02	::1: /user/signIn
2020-09-27 14:34:16	系统已启动，监听端口：80！
2020-09-27 14:34:16	::ffff:127.0.0.1: /api/menu/roleMenus
2020-09-27 14:34:16	::ffff:127.0.0.1: /api/menu/roleMenus
2020-09-27 14:40:21	系统已启动，监听端口：80！
2020-09-27 14:40:27	::1: /api/menu/roleMenus
2020-09-27 14:40:27	::1: /api/menu/roleMenus
2020-09-27 14:40:40	::1: /api/roles
2020-09-27 14:40:40	::1: /api/roles
2020-09-27 14:40:42	::1: /api/menus?roleId=2
2020-09-27 14:40:42	::1: /api/menus?roleId=2
2020-09-27 14:40:44	::1: /api/role/updateRoleMenu
2020-09-27 14:40:44	::1: /api/role/updateRoleMenu
2020-09-27 14:40:57	::1: /api/menu/roleMenus
2020-09-27 14:40:57	::1: /api/menu/roleMenus
2020-09-27 14:44:17	系统已启动，监听端口：80！
2020-09-27 14:44:21	::1: /api/menu/roleMenus
2020-09-27 14:44:21	::1: /api/menu/roleMenus
2020-09-27 14:49:34	::1: /api/menu/roleMenus
2020-09-27 14:49:34	::1: /api/menu/roleMenus
2020-09-27 14:52:39	::1: /api/menus
2020-09-27 14:52:39	::1: /api/menus
2020-09-27 14:53:30	::1: /api/menu/roleMenus
2020-09-27 14:53:41	::1: /user/signIn
2020-09-27 14:53:41	::1: /user/signIn
2020-09-27 14:53:41	::1: /api/menu/roleMenus
2020-09-27 14:53:41	::1: /api/menu/roleMenus
2020-09-27 14:53:44	::1: /api/menus
2020-09-27 14:53:44	::1: /api/menus
2020-09-27 14:54:09	::1: /api/menus
2020-09-27 14:54:09	::1: /api/menus
2020-09-27 14:56:08	::1: /api/menu/addMenu
2020-09-27 14:56:08	::1: /api/menu/addMenu
2020-09-27 14:56:08	::1: /api/menu/roleMenus
2020-09-27 14:56:08	::1: /api/menu/roleMenus
2020-09-27 14:56:18	::1: /api/menu/roleMenus
2020-09-27 14:56:18	::1: /api/menu/roleMenus
2020-09-27 14:56:19	::1: /api/menus
2020-09-27 14:56:19	::1: /api/menus
2020-09-27 14:56:32	::1: /api/menus
2020-09-27 14:56:32	::1: /api/menus
2020-09-27 14:57:56	::1: /api/menu/addMenu
2020-09-27 14:57:56	::1: /api/menu/addMenu
2020-09-27 14:57:56	::1: /api/menus
2020-09-27 14:57:56	::1: /api/menu/roleMenus
2020-09-27 14:57:56	::1: /api/menus
2020-09-27 14:57:56	::1: /api/menu/roleMenus
2020-09-27 15:05:19	::1: /api/menu/roleMenus
2020-09-27 15:05:19	::1: /api/menu/roleMenus
2020-09-27 15:05:20	::1: /api/menus
2020-09-27 15:05:20	::1: /api/menus
2020-09-27 15:05:42	::1: /api/menu/roleMenus
2020-09-27 15:05:42	::1: /api/menu/roleMenus
2020-09-27 15:05:42	::1: /api/menus
2020-09-27 15:05:42	::1: /api/menus
2020-09-27 15:08:26	系统已启动，监听端口：80！
2020-09-27 15:08:33	::1: /api/menu/roleMenus
2020-09-27 15:08:33	::1: /api/menu/roleMenus
2020-09-27 15:08:33	::1: /api/menus
2020-09-27 15:08:33	::1: /api/menus
2020-09-27 15:12:49	系统已启动，监听端口：80！
2020-09-27 15:12:54	::1: /api/menu/roleMenus
2020-09-27 15:12:54	::1: /api/menu/roleMenus
2020-09-27 15:12:55	::1: /api/menus
2020-09-27 15:12:55	::1: /api/menus
2020-09-27 15:13:43	系统已启动，监听端口：80！
2020-09-27 15:13:49	系统已启动，监听端口：80！
2020-09-27 15:13:53	::1: /api/menu/roleMenus
2020-09-27 15:13:53	::1: /api/menu/roleMenus
2020-09-27 15:13:54	::1: /api/menus
2020-09-27 15:13:54	::1: /api/menus
2020-09-27 15:14:21	系统已启动，监听端口：80！
2020-09-27 15:14:25	::1: /api/menu/roleMenus
2020-09-27 15:14:25	::1: /api/menu/roleMenus
2020-09-27 15:14:26	::1: /api/menus
2020-09-27 15:14:26	::1: /api/menus
2020-09-27 15:16:35	系统已启动，监听端口：80！
2020-09-27 15:16:44	::1: /api/menu/roleMenus
2020-09-27 15:16:44	::1: /api/menu/roleMenus
2020-09-27 15:16:45	::1: /api/menus
2020-09-27 15:16:45	::1: /api/menus
2020-09-27 15:17:26	系统已启动，监听端口：80！
2020-09-27 15:20:18	::1: /api/menu/addMenu
2020-09-27 15:20:18	::1: /api/menu/addMenu
2020-09-27 15:20:18	::1: /api/menus
2020-09-27 15:20:19	::1: /api/menu/roleMenus
2020-09-27 15:20:19	::1: /api/menus
2020-09-27 15:20:19	::1: /api/menu/roleMenus
2020-09-27 15:21:08	::1: /api/menu/roleMenus
2020-09-27 15:21:08	::1: /api/menu/roleMenus
2020-09-27 15:21:09	::1: /api/menus
2020-09-27 15:21:09	::1: /api/menus
2020-09-27 15:24:51	系统已启动，监听端口：80！
2020-09-27 15:24:54	::1: /api/menu/roleMenus
2020-09-27 15:24:54	::1: /api/menu/roleMenus
2020-09-27 15:25:08	::1: /user/signIn
2020-09-27 15:25:08	::1: /user/signIn
2020-09-27 15:25:08	::1: /api/menu/roleMenus
2020-09-27 15:25:08	::1: /api/menu/roleMenus
2020-09-27 15:25:26	系统已启动，监听端口：80！
2020-09-27 15:25:34	::1: /api/menus
2020-09-27 15:25:34	::1: /api/menus
2020-09-27 15:27:01	系统已启动，监听端口：80！
2020-09-27 15:27:08	::1: /api/menu/roleMenus
2020-09-27 15:27:08	::1: /api/menu/roleMenus
2020-09-27 15:27:09	::1: /api/menus
2020-09-27 15:27:09	::1: /api/menus
2020-09-27 15:27:42	系统已启动，监听端口：80！
2020-09-27 15:27:47	::1: /api/menu/roleMenus
2020-09-27 15:27:47	::1: /api/menu/roleMenus
2020-09-27 15:27:48	::1: /api/menus
2020-09-27 15:27:48	::1: /api/menus
2020-09-27 15:32:49	系统已启动，监听端口：80！
2020-09-27 15:32:59	::1: /api/menu/roleMenus
2020-09-27 15:32:59	::1: /api/menu/roleMenus
2020-09-27 15:32:59	::1: /api/menus
2020-09-27 15:32:59	::1: /api/menus
2020-09-27 15:34:11	::1: /api/menu/addMenu
2020-09-27 15:34:11	::1: /api/menu/addMenu
2020-09-27 15:34:12	::1: /api/menus
2020-09-27 15:34:12	::1: /api/menu/roleMenus
2020-09-27 15:34:12	::1: /api/menus
2020-09-27 15:34:12	::1: /api/menu/roleMenus
2020-09-27 15:35:09	::1: /api/roles
2020-09-27 15:35:09	::1: /api/roles
2020-09-27 15:35:11	::1: /api/menus
2020-09-27 15:35:11	::1: /api/menus
2020-09-27 15:40:27	::1: /api/menu/roleMenus
2020-09-27 15:40:27	::1: /api/menu/roleMenus
2020-09-27 15:40:27	::1: /api/menus
2020-09-27 15:40:27	::1: /api/menus
2020-09-27 17:03:28	系统已启动，监听端口：80！
2020-09-27 17:09:52	::1: /api/menu/roleMenus
2020-09-27 17:09:52	::1: /api/menu/roleMenus
2020-09-27 17:09:52	::1: /api/menus
2020-09-27 17:09:52	::1: /api/menus
2020-09-27 17:10:04	::1: /user/signIn
2020-09-27 17:10:04	::1: /user/signIn
2020-09-27 17:10:05	::1: /api/menu/roleMenus
2020-09-27 17:10:05	::1: /api/menu/roleMenus
2020-09-27 17:10:32	::1: /api/menu/roleMenus
2020-09-27 17:10:32	::1: /api/menu/roleMenus
2020-09-27 17:12:42	::1: /api/menu/roleMenus
2020-09-27 17:12:42	::1: /api/menu/roleMenus
2020-09-27 17:13:38	::1: /api/menu/roleMenus
2020-09-27 17:13:38	::1: /api/menu/roleMenus
2020-09-27 17:17:07	::1: /api/menu/roleMenus
2020-09-27 17:17:07	::1: /api/menu/roleMenus
2020-09-27 17:17:13	::1: /api/menus
2020-09-27 17:17:13	::1: /api/menus
2020-09-27 17:30:52	系统已启动，监听端口：80！
2020-09-27 17:31:14	::1: /api/menu/roleMenus
2020-09-27 17:31:14	::1: /api/menu/roleMenus
2020-09-27 17:41:41	::1: /api/menu/roleMenus
2020-09-27 17:41:41	::1: /api/menu/roleMenus
2020-09-27 17:41:49	::1: /user/signIn
2020-09-27 17:41:49	::1: /user/signIn
2020-09-27 17:41:49	::1: /api/menu/roleMenus
2020-09-27 17:41:49	::1: /api/menu/roleMenus
2020-09-27 17:42:08	::1: /api/menu/roleMenus
2020-09-27 17:42:08	::1: /api/menu/roleMenus
2020-09-27 17:43:16	::1: /api/menu/roleMenus
2020-09-27 17:43:16	::1: /api/menu/roleMenus
2020-09-27 17:44:33	::1: /api/menu/roleMenus
2020-09-27 17:44:33	::1: /api/menu/roleMenus
2020-09-27 17:46:43	::1: /api/menu/roleMenus
2020-09-27 17:46:43	::1: /api/menu/roleMenus
2020-09-27 17:47:48	::1: /api/menu/roleMenus
2020-09-27 17:47:48	::1: /api/menu/roleMenus
2020-09-27 17:49:17	::1: /api/menu/roleMenus
2020-09-27 17:49:17	::1: /api/menu/roleMenus
2020-09-27 17:49:38	::1: /api/menu/roleMenus
2020-09-27 17:49:38	::1: /api/menu/roleMenus
2020-09-27 17:52:51	::1: /api/menu/roleMenus
2020-09-27 17:52:51	::1: /api/menu/roleMenus
2020-09-27 17:59:07	::1: /api/menu/roleMenus
2020-09-27 17:59:07	::1: /api/menu/roleMenus
2020-09-27 17:59:27	::1: /api/menu/roleMenus
2020-09-27 17:59:27	::1: /api/menu/roleMenus
2020-09-27 18:00:30	::1: /api/menu/roleMenus
2020-09-27 18:00:30	::1: /api/menu/roleMenus
2020-09-27 18:01:34	::1: /api/menu/roleMenus
2020-09-27 18:01:34	::1: /api/menu/roleMenus
2020-09-27 18:02:54	::1: /api/menu/roleMenus
2020-09-27 18:02:54	::1: /api/menu/roleMenus
2020-09-27 18:09:57	::1: /api/menu/roleMenus
2020-09-27 18:09:57	::1: /api/menu/roleMenus
2020-09-27 18:12:55	::1: /api/menu/roleMenus
2020-09-27 18:12:55	::1: /api/menu/roleMenus
2020-09-27 18:13:13	::1: /user/signIn
2020-09-27 18:13:13	::1: /user/signIn
2020-09-27 18:13:13	::1: /api/menu/roleMenus
2020-09-27 18:13:13	::1: /api/menu/roleMenus
