2020-09-25 09:39:30	系统已启动，监听端口：80！
2020-09-25 09:39:39	::1: /api/menus
2020-09-25 09:39:41	::1: /api/menus
2020-09-25 09:39:41	::1: /api/roles
2020-09-25 09:39:41	::1: /api/roles
2020-09-25 09:39:56	::1: /user/signIn
2020-09-25 09:39:56	::1: /user/signIn
2020-09-25 09:39:56	::1: /api/menus
2020-09-25 09:39:56	::1: /api/menus
2020-09-25 09:40:03	::1: /api/roles
2020-09-25 09:40:03	::1: /api/roles
2020-09-25 10:45:01	::1: /api/menu/addMenu
2020-09-25 10:45:01	::1: /api/menu/addMenu
2020-09-25 10:45:10	::1: /user/signIn
2020-09-25 10:45:10	::1: /user/signIn
2020-09-25 10:45:10	::1: /api/menus
2020-09-25 10:45:10	::1: /api/menus
2020-09-25 10:46:08	::1: /api/menu/addMenu
2020-09-25 10:46:08	::1: /api/menu/addMenu
2020-09-25 10:46:08	::1: /api/menus
2020-09-25 10:46:08	::1: /api/menus
2020-09-25 10:47:03	系统已启动，监听端口：80！
2020-09-25 10:47:13	::1: /api/menus
2020-09-25 10:47:14	::1: /api/menus
2020-09-25 10:50:47	系统已启动，监听端口：80！
2020-09-25 10:50:55	::1: /api/menus
2020-09-25 10:50:55	::1: /api/menus
2020-09-25 11:29:49	系统已启动，监听端口：80！
2020-09-25 11:29:56	::1: /api/menus
2020-09-25 11:29:57	::1: /api/menus
2020-09-25 11:30:12	::1: /user/signIn
2020-09-25 11:30:13	::1: /user/signIn
2020-09-25 11:30:13	::1: /api/menus
2020-09-25 11:30:13	::1: /api/menus
2020-09-25 11:31:11	系统已启动，监听端口：80！
2020-09-25 11:31:17	::1: /api/menus
2020-09-25 11:31:17	::1: /api/menus
2020-09-25 11:31:47	系统已启动，监听端口：80！
2020-09-25 15:09:07	系统已启动，监听端口：80！
2020-09-25 15:09:23	::1: /api/menus
2020-09-25 15:09:23	::1: /api/menus
2020-09-25 15:09:36	::1: /user/signIn
2020-09-25 15:09:36	::1: /user/signIn
2020-09-25 15:09:36	::1: /api/menus
2020-09-25 15:09:36	::1: /api/menus
2020-09-25 15:11:00	::1: /api/menus
2020-09-25 15:11:00	::1: /api/menus
2020-09-25 15:14:00	::1: /api/roles
2020-09-25 15:14:00	::1: /api/roles
2020-09-25 15:14:25	::1: /user/userList
2020-09-25 15:14:25	::1: /user/userList
2020-09-25 15:14:41	::1: /api/menus
2020-09-25 15:14:42	::1: /api/menus
2020-09-25 15:14:48	::1: /user/userList
2020-09-25 15:14:48	::1: /user/userList
2020-09-25 15:14:53	::1: /api/roles
2020-09-25 15:14:53	::1: /api/roles
2020-09-25 15:14:55	::1: /api/role/roleUserOrOtherUserList?roleId=2
2020-09-25 15:14:55	::1: /api/role/roleUserOrOtherUserList?roleId=2
2020-09-25 15:15:01	::1: /api/role/addRoleUser
2020-09-25 15:15:01	::1: /api/role/addRoleUser
2020-09-25 15:15:07	::1: /user/userList
2020-09-25 15:15:07	::1: /user/userList
2020-09-25 15:15:15	::1: /api/roles
2020-09-25 15:15:15	::1: /api/roles
2020-09-25 15:20:59	::1: /api/menus
2020-09-25 15:20:59	::1: /api/menus
2020-09-25 15:21:30	系统已启动，监听端口：80！
2020-09-25 15:21:47	::1: /api/menus
2020-09-25 15:21:47	::1: /api/menus
2020-09-25 15:21:47	::1: /api/roles
2020-09-25 15:21:47	::1: /api/menus
2020-09-25 15:21:47	::1: /api/roles
2020-09-25 15:23:11	::1: /api/menus
2020-09-25 15:23:11	::1: /api/menus
2020-09-25 15:39:19	::1: /api/menus
2020-09-25 15:39:20	::1: /api/menus
2020-09-25 15:39:22	::1: /api/roles
2020-09-25 15:39:22	::1: /api/roles
2020-09-25 15:39:26	::1: /api/menus
2020-09-25 15:39:26	::1: /api/menus
2020-09-25 15:39:38	::1: /api/menus
2020-09-25 15:39:38	::1: /api/menus
2020-09-25 16:11:15	系统已启动，监听端口：80！
2020-09-25 16:11:27	::1: /user/signIn
2020-09-25 16:11:27	::1: /user/signIn
2020-09-25 16:11:27	::1: /api/menus
2020-09-25 16:11:27	::1: /api/menus
2020-09-25 16:17:58	系统已启动，监听端口：80！
2020-09-25 16:18:05	::1: /api/menus
2020-09-25 16:18:07	::1: /api/menus
2020-09-25 16:26:14	::1: /api/menus
2020-09-25 16:26:14	::1: /api/menus
2020-09-25 16:26:52	::1: /api/menus
2020-09-25 16:26:52	::1: /api/menus
2020-09-25 16:29:11	::1: /api/menus
2020-09-25 16:29:11	::1: /api/menus
2020-09-25 16:29:21	::1: /api/menus
2020-09-25 16:29:21	::1: /api/menus
2020-09-25 16:29:48	::1: /api/menus
2020-09-25 16:29:48	::1: /api/menus
2020-09-25 16:32:40	::1: /api/menus
2020-09-25 16:32:40	::1: /api/menus
2020-09-25 16:32:59	::1: /api/roles
2020-09-25 16:32:59	::1: /api/roles
2020-09-25 16:33:00	::1: /api/menus?roleId=2
2020-09-25 16:33:00	::1: /api/menus?roleId=2
2020-09-25 16:33:52	系统已启动，监听端口：80！
2020-09-25 16:33:56	::1: /api/menus?roleId=2
2020-09-25 16:33:56	::1: /api/menus?roleId=2
2020-09-25 16:56:34	系统已启动，监听端口：80！
2020-09-25 16:56:47	::1: /api/menus?roleId=2
2020-09-25 16:56:47	::1: /api/menus?roleId=2
2020-09-25 16:56:56	::1: /user/signIn
2020-09-25 16:56:56	::1: /user/signIn
2020-09-25 16:56:56	::1: /api/menus
2020-09-25 16:56:56	::1: /api/menus
2020-09-25 16:57:00	::1: /api/roles
2020-09-25 16:57:00	::1: /api/roles
2020-09-25 16:57:03	::1: /api/menus?roleId=2
2020-09-25 16:57:03	::1: /api/menus?roleId=2
2020-09-25 17:00:59	::1: /api/menus?roleId=2
2020-09-25 17:00:59	::1: /api/menus?roleId=2
2020-09-25 17:35:24	::1: /api/roles
2020-09-25 17:35:25	::1: /api/roles
2020-09-25 17:40:49	::1: /user/signIn
2020-09-25 17:40:49	::1: /user/signIn
2020-09-25 17:40:50	::1: /api/menus
2020-09-25 17:40:50	::1: /api/menus
2020-09-25 17:40:59	::1: /api/roles
2020-09-25 17:40:59	::1: /api/roles
2020-09-25 17:41:01	::1: /api/menus?roleId=2
2020-09-25 17:41:01	::1: /api/menus?roleId=2
2020-09-25 17:41:11	::1: /api/menus
2020-09-25 17:41:12	::1: /api/menus
2020-09-25 17:41:14	::1: /api/roles
2020-09-25 17:41:14	::1: /api/roles
2020-09-25 17:41:17	::1: /api/role/roleUserOrOtherUserList?roleId=2
2020-09-25 17:41:17	::1: /api/role/roleUserOrOtherUserList?roleId=2
2020-09-25 17:41:34	::1: /api/role/addRoleUser
2020-09-25 17:41:34	::1: /api/role/addRoleUser
2020-09-25 17:45:18	::1: /api/role/roleUserOrOtherUserList?roleId=2
2020-09-25 17:45:18	::1: /api/role/roleUserOrOtherUserList?roleId=2
2020-09-25 17:46:00	::1: /api/roles
2020-09-25 17:46:00	::1: /api/roles
2020-09-25 17:48:33	系统已启动，监听端口：80！
2020-09-25 17:48:41	::1: /api/menus
2020-09-25 17:48:41	::1: /api/menus
2020-09-25 17:48:41	::1: /api/roles
2020-09-25 17:48:41	::1: /api/roles
2020-09-25 17:48:45	::1: /api/role/roleUserOrOtherUserList?roleId=2
2020-09-25 17:48:45	::1: /api/role/roleUserOrOtherUserList?roleId=2
2020-09-25 17:49:06	::1: /api/role/updateRoleUser
2020-09-25 17:49:06	::1: /api/role/updateRoleUser
2020-09-25 17:49:08	::1: /api/role/roleUserOrOtherUserList?roleId=2
2020-09-25 17:49:08	::1: /api/role/roleUserOrOtherUserList?roleId=2
2020-09-25 17:49:12	::1: /api/role/updateRoleUser
2020-09-25 17:49:12	::1: /api/role/updateRoleUser
2020-09-25 17:49:13	::1: /api/role/roleUserOrOtherUserList?roleId=2
2020-09-25 17:49:17	::1: /api/role/updateRoleUser
2020-09-25 17:49:17	::1: /api/role/updateRoleUser
2020-09-25 17:49:19	::1: /api/role/roleUserOrOtherUserList?roleId=2
2020-09-25 17:49:19	::1: /api/role/roleUserOrOtherUserList?roleId=2
