2020-09-28 10:19:46	系统已启动，监听端口：80！
2020-09-28 10:19:53	::1: /api/menu/roleMenus
2020-09-28 10:19:53	::1: /api/menu/roleMenus
2020-09-28 10:20:06	::1: /user/signIn
2020-09-28 10:20:06	::1: /user/signIn
2020-09-28 10:20:06	::1: /api/menu/roleMenus
2020-09-28 10:20:06	::1: /api/menu/roleMenus
2020-09-28 10:20:42	::1: /api/menu/roleMenus
2020-09-28 10:20:42	::1: /api/menu/roleMenus
2020-09-28 10:21:29	::1: /api/menu/roleMenus
2020-09-28 10:21:29	::1: /api/menu/roleMenus
2020-09-28 10:21:39	::1: /api/menu/roleMenus
2020-09-28 10:21:39	::1: /api/menu/roleMenus
2020-09-28 10:21:46	::1: /api/menu/roleMenus
2020-09-28 10:21:46	::1: /api/menu/roleMenus
2020-09-28 10:22:24	::1: /api/menu/roleMenus
2020-09-28 10:22:24	::1: /api/menu/roleMenus
2020-09-28 10:22:57	::1: /api/menu/roleMenus
2020-09-28 10:22:57	::1: /api/menu/roleMenus
2020-09-28 10:25:57	::1: /api/menu/roleMenus
2020-09-28 10:25:57	::1: /api/menu/roleMenus
2020-09-28 10:37:41	::1: /api/menu/roleMenus
2020-09-28 10:37:41	::1: /api/menu/roleMenus
2020-09-28 10:39:07	系统已启动，监听端口：80！
2020-09-28 10:39:18	::1: /api/menu/roleMenus
2020-09-28 10:39:18	::1: /api/menu/roleMenus
2020-09-28 10:40:03	::1: /api/menu/roleMenus
2020-09-28 10:40:03	::1: /api/menu/roleMenus
2020-09-28 10:43:21	::1: /api/menu/roleMenus
2020-09-28 10:43:21	::1: /api/menu/roleMenus
2020-09-28 10:43:45	::1: /api/menu/roleMenus
2020-09-28 10:43:45	::1: /api/menu/roleMenus
2020-09-28 10:47:43	::1: /api/menu/roleMenus
2020-09-28 10:47:43	::1: /api/menu/roleMenus
2020-09-28 10:47:55	::1: /api/menu/roleMenus
2020-09-28 10:47:55	::1: /api/menu/roleMenus
2020-09-28 10:49:17	::1: /api/menu/roleMenus
2020-09-28 10:49:17	::1: /api/menu/roleMenus
2020-09-28 10:49:37	::1: /api/menu/roleMenus
2020-09-28 10:49:37	::1: /api/menu/roleMenus
2020-09-28 10:54:45	::1: /api/menu/roleMenus
2020-09-28 10:54:45	::1: /api/menu/roleMenus
2020-09-28 10:54:57	::1: /user/signIn
2020-09-28 10:54:57	::1: /user/signIn
2020-09-28 10:54:57	::1: /api/menu/roleMenus
2020-09-28 10:54:57	::1: /api/menu/roleMenus
2020-09-28 10:56:10	::1: /api/menu/roleMenus
2020-09-28 10:56:10	::1: /api/menu/roleMenus
2020-09-28 10:59:01	::1: /api/menu/roleMenus
2020-09-28 10:59:01	::1: /api/menu/roleMenus
2020-09-28 11:00:11	::1: /api/menu/roleMenus
2020-09-28 11:00:11	::1: /api/menu/roleMenus
2020-09-28 11:00:48	::1: /api/menu/roleMenus
2020-09-28 11:00:48	::1: /api/menu/roleMenus
2020-09-28 11:01:45	::1: /api/menu/roleMenus
2020-09-28 11:01:45	::1: /api/menu/roleMenus
2020-09-28 11:05:31	::1: /api/menu/roleMenus
2020-09-28 11:05:31	::1: /api/menu/roleMenus
2020-09-28 11:06:03	::1: /api/menu/roleMenus
2020-09-28 11:06:03	::1: /api/menu/roleMenus
2020-09-28 11:09:13	::1: /api/menu/roleMenus
2020-09-28 11:09:13	::1: /api/menu/roleMenus
2020-09-28 11:10:12	::1: /api/menu/roleMenus
2020-09-28 11:10:12	::1: /api/menu/roleMenus
2020-09-28 11:11:35	::1: /api/menu/roleMenus
2020-09-28 11:11:35	::1: /api/menu/roleMenus
2020-09-28 11:13:15	::1: /api/menu/roleMenus
2020-09-28 11:13:15	::1: /api/menu/roleMenus
2020-09-28 11:16:23	::1: /api/menu/roleMenus
2020-09-28 11:16:23	::1: /api/menu/roleMenus
2020-09-28 11:16:29	::1: /api/menu/roleMenus
2020-09-28 11:16:29	::1: /api/menu/roleMenus
2020-09-28 11:17:57	::1: /api/menu/roleMenus
2020-09-28 11:17:57	::1: /api/menu/roleMenus
2020-09-28 11:21:45	::1: /api/menu/roleMenus
2020-09-28 11:21:45	::1: /api/menu/roleMenus
2020-09-28 11:22:26	::1: /api/menu/roleMenus
2020-09-28 11:22:26	::1: /api/menu/roleMenus
2020-09-28 11:22:37	::1: /api/menu/roleMenus
2020-09-28 11:22:37	::1: /api/menu/roleMenus
2020-09-28 11:23:06	::1: /api/menu/roleMenus
2020-09-28 11:23:06	::1: /api/menu/roleMenus
2020-09-28 11:23:12	::1: /api/menu/roleMenus
2020-09-28 11:23:12	::1: /api/menu/roleMenus
2020-09-28 11:23:49	::1: /api/menu/roleMenus
2020-09-28 11:23:49	::1: /api/menu/roleMenus
2020-09-28 11:24:18	::1: /api/menu/roleMenus
2020-09-28 11:24:18	::1: /api/menu/roleMenus
2020-09-28 11:25:18	::1: /api/menu/roleMenus
2020-09-28 11:25:19	::1: /api/menu/roleMenus
2020-09-28 11:25:28	::1: /user/signIn
2020-09-28 11:25:28	::1: /user/signIn
2020-09-28 11:25:28	::1: /api/menu/roleMenus
2020-09-28 11:25:28	::1: /api/menu/roleMenus
2020-09-28 11:25:32	::1: /user/userList
2020-09-28 11:25:32	::1: /user/userList
2020-09-28 11:28:12	::1: /api/menu/roleMenus
2020-09-28 11:28:12	::1: /api/menu/roleMenus
2020-09-28 11:28:48	::1: /api/menu/roleMenus
2020-09-28 11:28:48	::1: /api/menu/roleMenus
2020-09-28 11:32:01	::1: /api/menu/roleMenus
2020-09-28 11:32:01	::1: /api/menu/roleMenus
2020-09-28 11:39:55	::1: /api/menu/roleMenus
2020-09-28 11:39:55	::1: /api/menu/roleMenus
2020-09-28 12:30:32	系统已启动，监听端口：80！
2020-09-28 12:31:16	::1: /api/menu/roleMenus
2020-09-28 12:31:16	::1: /api/menu/roleMenus
2020-09-28 12:31:28	::1: /user/signIn
2020-09-28 12:31:28	::1: /user/signIn
2020-09-28 12:31:28	::1: /api/menu/roleMenus
2020-09-28 12:31:28	::1: /api/menu/roleMenus
2020-09-28 12:32:34	::1: /api/menu/roleMenus
2020-09-28 12:32:34	::1: /api/menu/roleMenus
2020-09-28 12:34:40	::1: /api/menu/roleMenus
2020-09-28 12:34:40	::1: /api/menu/roleMenus
2020-09-28 12:34:42	::1: /user/userList
2020-09-28 12:34:42	::1: /user/userList
2020-09-28 13:11:25	::1: /api/menus
2020-09-28 13:11:25	::1: /api/menus
2020-09-28 13:11:32	::1: /user/signIn
2020-09-28 13:11:32	::1: /user/signIn
2020-09-28 13:11:33	::1: /api/menu/roleMenus
2020-09-28 13:11:33	::1: /api/menu/roleMenus
2020-09-28 13:11:47	::1: /user/userList
2020-09-28 13:11:47	::1: /user/userList
2020-09-28 13:11:48	::1: /api/menus
2020-09-28 13:11:48	::1: /api/menus
2020-09-28 14:07:30	::1: /api/menu/roleMenus
2020-09-28 14:07:30	::1: /api/menu/roleMenus
2020-09-28 14:08:28	::1: /api/menu/roleMenus
2020-09-28 14:08:46	::1: /api/menu/roleMenus
2020-09-28 14:09:03	::1: /api/menu/roleMenus
2020-09-28 14:09:15	::1: /api/menu/roleMenus
2020-09-28 14:09:27	::1: /api/menu/roleMenus
2020-09-28 14:09:40	::1: /api/menu/roleMenus
2020-09-28 14:09:54	::1: /api/menu/roleMenus
2020-09-28 14:10:53	::1: /user/signIn
2020-09-28 14:10:53	::1: /user/signIn
2020-09-28 14:10:53	::1: /api/menu/roleMenus
2020-09-28 14:10:53	::1: /api/menu/roleMenus
2020-09-28 14:12:01	::1: /api/menu/roleMenus
2020-09-28 14:12:01	::1: /api/menu/roleMenus
2020-09-28 14:12:26	::1: /api/menu/roleMenus
2020-09-28 14:12:26	::1: /api/menu/roleMenus
2020-09-28 14:12:43	::1: /user/userList
2020-09-28 14:12:43	::1: /user/userList
2020-09-28 14:13:51	::1: /api/menu/roleMenus
2020-09-28 14:13:51	::1: /api/menu/roleMenus
2020-09-28 14:13:51	::1: /user/userList
2020-09-28 14:13:51	::1: /user/userList
2020-09-28 14:24:04	::1: /user/userList
2020-09-28 14:24:04	::1: /user/userList
2020-09-28 14:26:44	::1: /api/menu/roleMenus
2020-09-28 14:26:44	::1: /api/menu/roleMenus
2020-09-28 14:26:44	::1: /user/userList
2020-09-28 14:26:44	::1: /user/userList
2020-09-28 14:27:10	::1: /api/menu/roleMenus
2020-09-28 14:27:10	::1: /api/menu/roleMenus
2020-09-28 14:27:10	::1: /user/userList
2020-09-28 14:27:10	::1: /user/userList
2020-09-28 14:27:40	::1: /api/menu/roleMenus
2020-09-28 14:27:40	::1: /api/menu/roleMenus
2020-09-28 14:27:41	::1: /user/userList
2020-09-28 14:27:41	::1: /user/userList
2020-09-28 14:27:47	::1: /user/userList
2020-09-28 14:27:47	::1: /user/userList
2020-09-28 14:35:07	::1: /api/menu/roleMenus
2020-09-28 14:35:07	::1: /api/menu/roleMenus
2020-09-28 14:35:09	::1: /user/userList
2020-09-28 14:35:09	::1: /user/userList
2020-09-28 14:38:24	::1: /user/userList
2020-09-28 14:38:24	::1: /user/userList
2020-09-28 14:38:42	::1: /api/menu/roleMenus
2020-09-28 14:38:42	::1: /api/menu/roleMenus
2020-09-28 14:38:43	::1: /user/userList
2020-09-28 14:38:43	::1: /user/userList
2020-09-28 14:38:53	::1: /user/userList
2020-09-28 14:38:53	::1: /user/userList
2020-09-28 14:39:53	::1: /api/menu/roleMenus
2020-09-28 14:39:53	::1: /api/menu/roleMenus
2020-09-28 14:39:53	::1: /user/userList
2020-09-28 14:39:53	::1: /user/userList
2020-09-28 14:39:55	::1: /api/menus
2020-09-28 14:39:55	::1: /api/menus
2020-09-28 14:39:57	::1: /api/menus
2020-09-28 14:40:18	::1: /api/menus
2020-09-28 14:40:18	::1: /api/menus
2020-09-28 14:43:03	::1: /api/menu/roleMenus
2020-09-28 14:43:03	::1: /api/menu/roleMenus
2020-09-28 14:43:40	::1: /user/signIn
2020-09-28 14:43:40	::1: /user/signIn
2020-09-28 14:43:40	::1: /api/menu/roleMenus
2020-09-28 14:43:40	::1: /api/menu/roleMenus
2020-09-28 14:43:43	::1: /api/menus
2020-09-28 14:43:43	::1: /api/menus
2020-09-28 14:44:16	::1: /api/menu/roleMenus
2020-09-28 14:44:16	::1: /api/menu/roleMenus
2020-09-28 14:44:17	::1: /api/menus
2020-09-28 14:44:17	::1: /api/menus
2020-09-28 14:46:14	::1: /api/menu/roleMenus
2020-09-28 14:46:14	::1: /api/menu/roleMenus
2020-09-28 14:46:14	::1: /api/menus
2020-09-28 14:46:14	::1: /api/menus
2020-09-28 14:53:36	::1: /api/menu/roleMenus
2020-09-28 14:53:36	::1: /api/menu/roleMenus
2020-09-28 14:53:37	::1: /api/menus
2020-09-28 14:53:37	::1: /api/menus
2020-09-28 15:36:25	::1: /api/menu/addMenu
2020-09-28 15:36:25	::1: /api/menu/addMenu
2020-09-28 15:37:50	::1: /user/signIn
2020-09-28 15:37:50	::1: /user/signIn
2020-09-28 15:37:50	::1: /api/menu/roleMenus
2020-09-28 15:37:50	::1: /api/menu/roleMenus
2020-09-28 15:37:55	::1: /api/menus
2020-09-28 15:37:55	::1: /api/menus
2020-09-28 15:38:22	::1: /api/menu/addMenu
2020-09-28 15:38:22	::1: /api/menu/addMenu
2020-09-28 15:38:22	::1: /api/menus
2020-09-28 15:38:22	::1: /api/menu/roleMenus
2020-09-28 15:38:22	::1: /api/menus
2020-09-28 15:38:22	::1: /api/menu/roleMenus
2020-09-28 15:43:01	系统已启动，监听端口：80！
2020-09-28 15:43:09	::1: /api/menu/roleMenus
2020-09-28 15:43:09	::1: /api/menu/roleMenus
2020-09-28 15:43:10	::1: /api/menus
2020-09-28 15:43:10	::1: /api/menus
2020-09-28 15:43:35	::1: /api/menu/roleMenus
2020-09-28 15:43:35	::1: /api/menu/roleMenus
2020-09-28 15:43:35	::1: /api/menus
2020-09-28 15:43:35	::1: /api/menus
2020-09-28 16:13:58	系统已启动，监听端口：80！
2020-09-28 16:14:06	::1: /user/userList
2020-09-28 16:14:06	::1: /user/userList
2020-09-28 16:18:44	::1: /user/signIn
2020-09-28 16:18:45	::1: /user/signIn
2020-09-28 16:18:45	::1: /api/menu/roleMenus
2020-09-28 16:18:45	::1: /api/menu/roleMenus
2020-09-28 16:18:54	::1: /user/userList
2020-09-28 16:18:54	::1: /user/userList
2020-09-28 16:19:09	::1: /user/userList
2020-09-28 16:19:09	::1: /user/userList
2020-09-28 16:19:12	::1: /user/userList
2020-09-28 16:19:34	::1: /api/menu/roleMenus
2020-09-28 16:19:34	::1: /api/menu/roleMenus
2020-09-28 16:19:34	::1: /user/userList
2020-09-28 16:19:34	::1: /user/userList
2020-09-28 16:20:37	::1: /api/menu/roleMenus
2020-09-28 16:20:37	::1: /api/menu/roleMenus
2020-09-28 16:20:37	::1: /user/userList
2020-09-28 16:20:37	::1: /user/userList
2020-09-28 16:20:50	::1: /api/menu/roleMenus
2020-09-28 16:20:50	::1: /api/menu/roleMenus
2020-09-28 16:20:51	::1: /user/userList
2020-09-28 16:20:51	::1: /user/userList
2020-09-28 16:22:05	::1: /api/menu/roleMenus
2020-09-28 16:22:05	::1: /api/menu/roleMenus
2020-09-28 16:22:08	::1: /user/userList
2020-09-28 16:22:08	::1: /user/userList
2020-09-28 16:22:10	::1: /api/roles
2020-09-28 16:22:10	::1: /api/roles
2020-09-28 16:22:12	::1: /user/userList
2020-09-28 16:22:34	::1: /api/menu/roleMenus
2020-09-28 16:22:34	::1: /api/menu/roleMenus
2020-09-28 16:23:20	::1: /api/menu/roleMenus
2020-09-28 16:23:20	::1: /api/menu/roleMenus
2020-09-28 16:25:30	::1: /api/menu/roleMenus
2020-09-28 16:25:30	::1: /api/menu/roleMenus
2020-09-28 16:26:06	::1: /api/menu/roleMenus
2020-09-28 16:26:06	::1: /api/menu/roleMenus
2020-09-28 16:26:12	::1: /user/userList
2020-09-28 16:26:12	::1: /user/userList
2020-09-28 16:26:59	::1: /api/menu/roleMenus
2020-09-28 16:26:59	::1: /api/menu/roleMenus
2020-09-28 16:27:00	::1: /user/userList
2020-09-28 16:27:00	::1: /user/userList
2020-09-28 16:28:52	::1: /api/menu/roleMenus
2020-09-28 16:28:52	::1: /api/menu/roleMenus
2020-09-28 16:28:52	::1: /user/userList
2020-09-28 16:28:52	::1: /user/userList
2020-09-28 16:29:03	::1: /api/menu/roleMenus
2020-09-28 16:29:03	::1: /api/menu/roleMenus
2020-09-28 16:29:50	::1: /api/menu/roleMenus
2020-09-28 16:29:50	::1: /api/menu/roleMenus
2020-09-28 16:31:59	::1: /user/userList
2020-09-28 16:31:59	::1: /user/userList
2020-09-28 16:33:39	系统已启动，监听端口：80！
2020-09-28 16:33:46	::1: /api/menu/roleMenus
2020-09-28 16:33:46	::1: /api/menu/roleMenus
2020-09-28 16:33:52	::1: /user/userList
2020-09-28 16:33:52	::1: /user/userList
2020-09-28 16:34:18	::1: /api/menu/roleMenus
2020-09-28 16:34:18	::1: /api/menu/roleMenus
2020-09-28 16:34:22	::1: /api/roles
2020-09-28 16:34:22	::1: /api/roles
2020-09-28 16:34:30	::1: /api/menu/roleMenus
2020-09-28 16:34:30	::1: /api/menu/roleMenus
2020-09-28 16:34:33	::1: /user/userList
2020-09-28 16:34:33	::1: /user/userList
2020-09-28 16:34:35	::1: /api/roles
2020-09-28 16:34:35	::1: /api/roles
2020-09-28 16:35:06	::1: /api/menu/roleMenus
2020-09-28 16:35:07	::1: /api/menu/roleMenus
2020-09-28 16:35:07	::1: /api/roles
2020-09-28 16:35:07	::1: /api/roles
2020-09-28 16:35:59	::1: /api/menu/roleMenus
2020-09-28 16:35:59	::1: /api/menu/roleMenus
2020-09-28 16:35:59	::1: /api/roles
2020-09-28 16:35:59	::1: /api/roles
2020-09-28 16:36:06	::1: /api/menu/roleMenus
2020-09-28 16:36:06	::1: /api/menu/roleMenus
2020-09-28 16:36:08	::1: /user/userList
2020-09-28 16:36:09	::1: /user/userList
2020-09-28 16:36:43	::1: /api/menu/roleMenus
2020-09-28 16:36:43	::1: /api/menu/roleMenus
2020-09-28 16:36:43	::1: /user/userList
2020-09-28 16:36:43	::1: /user/userList
2020-09-28 16:36:58	::1: /api/menu/roleMenus
2020-09-28 16:36:58	::1: /api/menu/roleMenus
2020-09-28 16:37:55	::1: /api/menu/roleMenus
2020-09-28 16:37:55	::1: /api/menu/roleMenus
2020-09-28 16:37:58	::1: /user/userList
2020-09-28 16:37:58	::1: /user/userList
2020-09-28 16:38:01	::1: /api/roles
2020-09-28 16:38:01	::1: /api/roles
2020-09-28 16:38:52	::1: /api/menu/roleMenus
2020-09-28 16:38:52	::1: /api/menu/roleMenus
2020-09-28 16:38:52	::1: /api/roles
2020-09-28 16:38:52	::1: /api/roles
2020-09-28 16:38:59	::1: /api/menu/roleMenus
2020-09-28 16:38:59	::1: /api/menu/roleMenus
2020-09-28 16:39:02	::1: /user/userList
2020-09-28 16:39:02	::1: /user/userList
2020-09-28 16:39:19	::1: /api/roles
2020-09-28 16:39:19	::1: /api/roles
2020-09-28 16:39:21	::1: /user/userList
2020-09-28 16:39:21	::1: /user/userList
2020-09-28 16:39:41	::1: /api/menu/roleMenus
2020-09-28 16:39:41	::1: /api/menu/roleMenus
2020-09-28 16:39:51	::1: /api/menu/roleMenus
2020-09-28 16:39:51	::1: /api/menu/roleMenus
2020-09-28 16:41:38	::1: /api/menu/roleMenus
2020-09-28 16:41:38	::1: /api/menu/roleMenus
2020-09-28 16:41:39	::1: /user/userList
2020-09-28 16:41:39	::1: /user/userList
2020-09-28 16:41:46	::1: /api/menu/roleMenus
2020-09-28 16:41:46	::1: /api/menu/roleMenus
2020-09-28 16:41:48	::1: /user/userList
2020-09-28 16:41:48	::1: /user/userList
2020-09-28 16:41:51	::1: /api/roles
2020-09-28 16:41:51	::1: /api/roles
2020-09-28 16:41:53	::1: /user/userList
2020-09-28 16:41:53	::1: /user/userList
2020-09-28 16:41:57	::1: /api/roles
2020-09-28 16:41:57	::1: /api/roles
2020-09-28 16:41:59	::1: /user/userList
2020-09-28 16:41:59	::1: /user/userList
2020-09-28 16:42:02	::1: /user/userList
2020-09-28 16:43:21	::1: /api/menu/roleMenus
2020-09-28 16:43:21	::1: /api/menu/roleMenus
2020-09-28 16:43:25	::1: /api/roles
2020-09-28 16:43:25	::1: /api/roles
2020-09-28 16:43:26	::1: /user/userList
2020-09-28 16:43:26	::1: /user/userList
2020-09-28 16:43:39	::1: /api/roles
2020-09-28 16:43:39	::1: /api/roles
2020-09-28 16:43:41	::1: /user/userList
2020-09-28 16:43:41	::1: /user/userList
2020-09-28 16:44:30	::1: /api/menu/roleMenus
2020-09-28 16:44:30	::1: /api/menu/roleMenus
2020-09-28 16:44:37	::1: /api/roles
2020-09-28 16:44:37	::1: /api/roles
2020-09-28 16:45:04	::1: /api/menu/roleMenus
2020-09-28 16:45:04	::1: /api/menu/roleMenus
2020-09-28 16:45:08	::1: /user/userList
2020-09-28 16:45:08	::1: /user/userList
2020-09-28 16:45:10	::1: /user/userList
2020-09-28 16:45:14	::1: /api/roles
2020-09-28 16:45:14	::1: /api/roles
2020-09-28 16:45:21	::1: /user/userList
2020-09-28 16:45:21	::1: /user/userList
2020-09-28 16:45:23	::1: /api/roles
2020-09-28 16:45:23	::1: /api/roles
2020-09-28 16:46:45	::1: /api/menu/roleMenus
2020-09-28 16:48:01	::1: /api/menu/roleMenus
2020-09-28 16:48:15	::1: /user/signIn
2020-09-28 16:48:15	::1: /user/signIn
2020-09-28 16:48:15	::1: /api/menu/roleMenus
2020-09-28 16:48:15	::1: /api/menu/roleMenus
2020-09-28 16:48:35	::1: /api/menu/roleMenus
2020-09-28 16:48:35	::1: /api/menu/roleMenus
2020-09-28 16:48:39	::1: /api/menu/roleMenus
2020-09-28 16:48:43	::1: /user/userList
2020-09-28 16:48:43	::1: /user/userList
2020-09-28 16:48:55	::1: /api/menu/roleMenus
2020-09-28 16:49:43	::1: /api/menu/roleMenus
2020-09-28 16:49:51	::1: /user/signIn
2020-09-28 16:49:51	::1: /user/signIn
2020-09-28 16:49:51	::1: /api/menu/roleMenus
2020-09-28 16:49:51	::1: /api/menu/roleMenus
2020-09-28 16:50:04	::1: /api/menu/roleMenus
2020-09-28 16:50:04	::1: /api/menu/roleMenus
2020-09-28 16:50:16	::1: /api/menu/roleMenus
2020-09-28 16:50:47	::1: /api/menu/roleMenus
2020-09-28 16:53:53	::1: /api/menu/roleMenus
2020-09-28 16:54:05	::1: /user/signIn
2020-09-28 16:54:05	::1: /user/signIn
2020-09-28 16:54:06	::1: /api/menu/roleMenus
2020-09-28 16:54:06	::1: /api/menu/roleMenus
2020-09-28 16:54:53	::1: /api/menu/roleMenus
2020-09-28 16:54:53	::1: /api/menu/roleMenus
2020-09-28 16:55:05	::1: /user/signIn
2020-09-28 16:55:05	::1: /user/signIn
2020-09-28 16:55:05	::1: /api/menu/roleMenus
2020-09-28 16:55:05	::1: /api/menu/roleMenus
2020-09-28 16:55:57	::1: /api/menu/roleMenus
2020-09-28 16:55:57	::1: /api/menu/roleMenus
2020-09-28 16:56:48	::1: /api/menu/roleMenus
2020-09-28 16:56:58	::1: /user/signIn
2020-09-28 16:56:58	::1: /user/signIn
2020-09-28 16:56:58	::1: /api/menu/roleMenus
2020-09-28 16:56:58	::1: /api/menu/roleMenus
2020-09-28 16:57:22	::1: /api/menu/roleMenus
2020-09-28 16:57:22	::1: /api/menu/roleMenus
2020-09-28 16:57:32	::1: /api/menu/roleMenus
2020-09-28 16:57:32	::1: /api/menu/roleMenus
2020-09-28 16:58:27	::1: /api/menu/roleMenus
2020-09-28 16:58:46	::1: /api/menu/roleMenus
2020-09-28 16:58:58	::1: /api/menu/roleMenus
2020-09-28 16:59:06	::1: /user/signIn
2020-09-28 16:59:06	::1: /user/signIn
2020-09-28 16:59:06	::1: /api/menu/roleMenus
2020-09-28 16:59:06	::1: /api/menu/roleMenus
2020-09-28 16:59:38	::1: /api/menu/roleMenus
2020-09-28 16:59:38	::1: /api/menu/roleMenus
2020-09-28 16:59:49	::1: /user/signIn
2020-09-28 16:59:49	::1: /user/signIn
2020-09-28 16:59:49	::1: /api/menu/roleMenus
2020-09-28 16:59:50	::1: /api/menu/roleMenus
2020-09-28 16:59:52	::1: /user/userList
2020-09-28 16:59:52	::1: /user/userList
2020-09-28 17:00:20	::1: /user/signIn
2020-09-28 17:00:20	::1: /user/signIn
2020-09-28 17:00:20	::1: /api/menu/roleMenus
2020-09-28 17:00:20	::1: /api/menu/roleMenus
2020-09-28 17:00:21	::1: /user/userList
2020-09-28 17:00:21	::1: /user/userList
2020-09-28 17:04:10	::1: /api/menu/roleMenus
2020-09-28 17:04:10	::1: /api/menu/roleMenus
2020-09-28 17:04:10	::1: /user/userList
2020-09-28 17:04:10	::1: /user/userList
2020-09-28 17:05:02	::1: /api/menu/roleMenus
2020-09-28 17:05:02	::1: /api/menu/roleMenus
2020-09-28 17:05:03	::1: /user/userList
2020-09-28 17:05:03	::1: /user/userList
2020-09-28 17:05:30	::1: /api/menu/roleMenus
2020-09-28 17:05:30	::1: /api/menu/roleMenus
2020-09-28 17:05:31	::1: /user/userList
2020-09-28 17:05:31	::1: /user/userList
2020-09-28 17:05:52	::1: /user/signIn
2020-09-28 17:05:52	::1: /user/signIn
2020-09-28 17:05:52	::1: /api/menu/roleMenus
2020-09-28 17:05:52	::1: /api/menu/roleMenus
2020-09-28 17:06:24	::1: /api/menu/roleMenus
2020-09-28 17:06:24	::1: /api/menu/roleMenus
2020-09-28 17:06:31	::1: /user/userList
2020-09-28 17:06:31	::1: /user/userList
2020-09-28 17:07:03	::1: /api/menu/roleMenus
2020-09-28 17:07:03	::1: /api/menu/roleMenus
2020-09-28 17:07:03	::1: /user/userList
2020-09-28 17:07:03	::1: /user/userList
2020-09-28 17:07:16	::1: /api/menu/roleMenus
2020-09-28 17:07:16	::1: /api/menu/roleMenus
2020-09-28 17:07:16	::1: /user/userList
2020-09-28 17:07:16	::1: /user/userList
2020-09-28 17:10:39	::1: /api/menu/roleMenus
2020-09-28 17:10:39	::1: /api/menu/roleMenus
2020-09-28 17:10:56	::1: /api/menu/roleMenus
2020-09-28 17:10:56	::1: /api/menu/roleMenus
2020-09-28 17:11:15	::1: /api/menu/roleMenus
2020-09-28 17:11:15	::1: /api/menu/roleMenus
2020-09-28 17:11:42	::1: /api/menu/roleMenus
2020-09-28 17:11:42	::1: /api/menu/roleMenus
2020-09-28 17:12:03	::1: /api/menu/roleMenus
2020-09-28 17:12:03	::1: /api/menu/roleMenus
2020-09-28 17:12:45	::1: /api/menu/roleMenus
2020-09-28 17:12:45	::1: /api/menu/roleMenus
2020-09-28 17:13:14	::1: /api/menu/roleMenus
2020-09-28 17:13:14	::1: /api/menu/roleMenus
2020-09-28 17:13:15	::1: /user/userList
2020-09-28 17:13:15	::1: /user/userList
2020-09-28 17:15:01	::1: /api/menu/roleMenus
2020-09-28 17:15:01	::1: /api/menu/roleMenus
2020-09-28 17:15:01	::1: /user/userList
2020-09-28 17:15:01	::1: /user/userList
2020-09-28 17:16:00	::1: /api/menu/roleMenus
2020-09-28 17:16:00	::1: /api/menu/roleMenus
2020-09-28 17:16:00	::1: /user/userList
2020-09-28 17:16:00	::1: /user/userList
2020-09-28 17:17:35	::1: /api/menu/roleMenus
2020-09-28 17:17:35	::1: /api/menu/roleMenus
2020-09-28 17:17:36	::1: /user/userList
2020-09-28 17:17:36	::1: /user/userList
2020-09-28 17:17:57	::1: /api/menu/roleMenus
2020-09-28 17:17:57	::1: /api/menu/roleMenus
2020-09-28 17:17:57	::1: /user/userList
2020-09-28 17:17:57	::1: /user/userList
2020-09-28 17:18:34	::1: /api/menu/roleMenus
2020-09-28 17:18:34	::1: /api/menu/roleMenus
2020-09-28 17:18:35	::1: /user/userList
2020-09-28 17:18:35	::1: /user/userList
2020-09-28 17:19:25	::1: /api/menu/roleMenus
2020-09-28 17:19:25	::1: /api/menu/roleMenus
2020-09-28 17:19:25	::1: /user/userList
2020-09-28 17:19:25	::1: /user/userList
2020-09-28 17:20:15	::1: /api/menu/roleMenus
2020-09-28 17:20:15	::1: /api/menu/roleMenus
2020-09-28 17:20:16	::1: /user/userList
2020-09-28 17:20:16	::1: /user/userList
2020-09-28 17:20:41	::1: /api/menu/roleMenus
2020-09-28 17:20:41	::1: /api/menu/roleMenus
2020-09-28 17:20:42	::1: /user/userList
2020-09-28 17:20:42	::1: /user/userList
2020-09-28 17:20:48	::1: /api/roles
2020-09-28 17:20:48	::1: /api/roles
2020-09-28 17:21:23	::1: /api/menu/roleMenus
2020-09-28 17:21:23	::1: /api/menu/roleMenus
2020-09-28 17:21:24	::1: /api/roles
2020-09-28 17:21:24	::1: /api/roles
2020-09-28 17:21:26	::1: /user/userList
2020-09-28 17:21:26	::1: /user/userList
2020-09-28 17:21:32	::1: /api/roles
2020-09-28 17:21:32	::1: /api/roles
2020-09-28 17:23:29	::1: /api/menu/roleMenus
2020-09-28 17:23:29	::1: /api/menu/roleMenus
2020-09-28 17:24:27	::1: /api/menu/roleMenus
2020-09-28 17:24:27	::1: /api/menu/roleMenus
2020-09-28 17:24:27	::1: /api/roles
2020-09-28 17:24:27	::1: /api/roles
2020-09-28 17:24:54	::1: /api/menu/roleMenus
2020-09-28 17:24:54	::1: /api/menu/roleMenus
2020-09-28 17:24:54	::1: /api/roles
2020-09-28 17:24:54	::1: /api/roles
2020-09-28 17:26:17	::1: /api/menu/roleMenus
2020-09-28 17:26:17	::1: /api/menu/roleMenus
2020-09-28 17:26:18	::1: /api/roles
2020-09-28 17:26:18	::1: /api/roles
2020-09-28 17:26:21	::1: /user/userList
2020-09-28 17:26:21	::1: /user/userList
2020-09-28 17:32:16	::1: /api/menu/roleMenus
2020-09-28 17:32:16	::1: /api/menu/roleMenus
2020-09-28 17:33:40	::1: /api/menu/roleMenus
2020-09-28 17:33:40	::1: /api/menu/roleMenus
2020-09-28 17:46:25	::1: /api/menu/roleMenus
2020-09-28 17:46:25	::1: /api/menu/roleMenus
2020-09-28 17:46:35	::1: /user/signIn
2020-09-28 17:46:35	::1: /user/signIn
2020-09-28 17:46:35	::1: /api/menu/roleMenus
2020-09-28 17:46:35	::1: /api/menu/roleMenus
2020-09-28 17:47:40	::1: /api/menu/roleMenus
2020-09-28 17:47:40	::1: /api/menu/roleMenus
2020-09-28 20:32:15	系统已启动，监听端口：80！
2020-09-28 20:32:47	::1: /api/menu/roleMenus
2020-09-28 20:32:47	::1: /api/menu/roleMenus
